Performing C SOURCE FILE Test CMAKE_HAVE_LIBC_PTHREAD failed with the following output:
Change Dir: /home/hamada/catkin_ws/src/object_analysis/cmake-build-debug/CMakeFiles/CMakeTmp

Run Build Command(s):/home/hamada/CLion-2022.1.2/clion-2022.1.2/bin/ninja/linux/ninja cmTC_6d40d && [1/2] Building C object CMakeFiles/cmTC_6d40d.dir/src.c.o
[2/2] Linking C executable cmTC_6d40d
FAILED: cmTC_6d40d 
: && /usr/bin/cc  -rdynamic CMakeFiles/cmTC_6d40d.dir/src.c.o -o cmTC_6d40d   && :
/usr/bin/ld: CMakeFiles/cmTC_6d40d.dir/src.c.o: in function `main':
src.c:(.text+0x46): undefined reference to `pthread_create'
/usr/bin/ld: src.c:(.text+0x52): undefined reference to `pthread_detach'
/usr/bin/ld: src.c:(.text+0x5e): undefined reference to `pthread_cancel'
/usr/bin/ld: src.c:(.text+0x6f): undefined reference to `pthread_join'
collect2: error: ld returned 1 exit status
ninja: build stopped: subcommand failed.


Source file was:
#include <pthread.h>

static void* test_func(void* data)
{
  return data;
}

int main(void)
{
  pthread_t thread;
  pthread_create(&thread, NULL, test_func, NULL);
  pthread_detach(thread);
  pthread_cancel(thread);
  pthread_join(thread, NULL);
  pthread_atfork(NULL, NULL, NULL);
  pthread_exit(NULL);

  return 0;
}

Determining if the function pthread_create exists in the pthreads failed with the following output:
Change Dir: /home/hamada/catkin_ws/src/object_analysis/cmake-build-debug/CMakeFiles/CMakeTmp

Run Build Command(s):/home/hamada/CLion-2022.1.2/clion-2022.1.2/bin/ninja/linux/ninja cmTC_db4b8 && [1/2] Building C object CMakeFiles/cmTC_db4b8.dir/CheckFunctionExists.c.o
[2/2] Linking C executable cmTC_db4b8
FAILED: cmTC_db4b8 
: && /usr/bin/cc -DCHECK_FUNCTION_EXISTS=pthread_create -rdynamic CMakeFiles/cmTC_db4b8.dir/CheckFunctionExists.c.o -o cmTC_db4b8  -lpthreads && :
/usr/bin/ld: -lpthreads が見つかりません
collect2: error: ld returned 1 exit status
ninja: build stopped: subcommand failed.



